[kbplacer_plugin_action.py:63]: Plugin version: 0.10
[kbplacer_plugin_action.py:64]: Python version: '3.9.14 (main, Feb 13 2023, 04:48:26) [MSC v.1934 64 bit (AMD64)]'
[kbplacer_plugin_action.py:65]: KiCad version: 7.0.1 with 4.2.0 msw (phoenix) wxWidgets 3.2.2
[kbplacer_dialog.py:584]: Language: en
[kbplacer_plugin_action.py:76]: GUI state: {"layout_path": "C:\\Users\\Alex\\Downloads\\keyboard-layout (7).json", "key_distance": [18.0, 17.0], "key_info": {"annotation_format": "SW{}", "position_option": "Default", "position": {"x": 0.0, "y": 0.0, "orientation": 0.0, "side": "Front"}, "template_path": ""}, "enable_diode_placement": true, "route_switches_with_diodes": true, "diode_info": {"annotation_format": "D{}", "position_option": "Relative", "position": null, "template_path": ""}, "additional_elements": [{"annotation_format": "ST{}", "position_option": "Custom", "position": {"x": 0.0, "y": 0.0, "orientation": 0.0, "side": "Front"}, "template_path": ""}], "route_rows_and_columns": false, "template_path": "", "generate_outline": false, "outline_delta": 0.0}
[key_placer.py:299]: Set key 1U distance: 18000000/17000000
[key_placer.py:112]: Switches by nets: defaultdict(<class 'list'>, {frozenset({'Net-(D22-K)', 'Net-(SW17-Pad1)'}): ['SW24'], frozenset({'Net-(D21-K)', 'Net-(SW16-Pad1)'}): ['SW29'], frozenset({'Net-(D22-K)', 'Net-(SW19-Pad1)'}): ['SW26'], frozenset({'Net-(D11-K)', 'Net-(SW10-Pad1)'}): ['SW20'], frozenset({'Net-(D22-K)', 'Net-(SW13-Pad1)'}): ['SW22'], frozenset({'Net-(D22-K)', 'Net-(SW12-Pad1)'}): ['SW21'], frozenset({'Net-(D11-K)', 'Net-(SW19-Pad1)'}): ['SW19'], frozenset({'Net-(D22-K)', 'Net-(SW14-Pad1)'}): ['SW23'], frozenset({'Net-(D22-K)', 'Net-(SW18-Pad1)'}): ['SW25'], frozenset({'Net-(D21-K)', 'Net-(SW15-Pad1)'}): ['SW28'], frozenset({'Net-(SW14-Pad1)', 'Net-(D21-K)'}): ['SW27'], frozenset({'Net-(D21-K)', 'Net-(SW17-Pad1)'}): ['SW30'], frozenset({'Net-(D1-K)', 'Net-(SW19-Pad1)'}): ['SW9'], frozenset({'Net-(D1-K)', 'Net-(SW17-Pad1)'}): ['SW7'], frozenset({'Net-(D1-K)', 'Net-(SW10-Pad1)'}): ['SW10'], frozenset({'Net-(D1-K)', 'Net-(SW14-Pad1)'}): ['SW4'], frozenset({'Net-(D11-K)', 'Net-(SW12-Pad1)'}): ['SW12'], frozenset({'Net-(D1-K)', 'Net-(SW16-Pad1)'}): ['SW6'], frozenset({'Net-(D1-K)', 'Net-(SW15-Pad1)'}): ['SW5'], frozenset({'Net-(D11-K)', 'Net-(SW1-Pad1)'}): ['SW11'], frozenset({'Net-(D11-K)', 'Net-(SW14-Pad1)'}): ['SW14'], frozenset({'Net-(D11-K)', 'Net-(SW13-Pad1)'}): ['SW13'], frozenset({'Net-(D1-K)', 'Net-(SW12-Pad1)'}): ['SW2'], frozenset({'Net-(D11-K)', 'Net-(SW15-Pad1)'}): ['SW15'], frozenset({'Net-(D11-K)', 'Net-(SW16-Pad1)'}): ['SW16'], frozenset({'Net-(D11-K)', 'Net-(SW17-Pad1)'}): ['SW17'], frozenset({'Net-(D1-K)', 'Net-(SW13-Pad1)'}): ['SW3'], frozenset({'Net-(D1-K)', 'Net-(SW18-Pad1)'}): ['SW8'], frozenset({'Net-(D11-K)', 'Net-(SW18-Pad1)'}): ['SW18'], frozenset({'Net-(D1-K)', 'Net-(SW1-Pad1)'}): ['SW1']})
[key_placer.py:116]: Diodes by switch: {'SW30': ['D30'], 'SW26': ['D29'], 'SW25': ['D28'], 'SW24': ['D27'], 'SW29': ['D26'], 'SW28': ['D25'], 'SW23': ['D24'], 'SW22': ['D23'], 'SW21': ['D22'], 'SW27': ['D21'], 'SW20': ['D20'], 'SW19': ['D19'], 'SW18': ['D18'], 'SW17': ['D17'], 'SW16': ['D16'], 'SW15': ['D15'], 'SW14': ['D14'], 'SW13': ['D13'], 'SW12': ['D12'], 'SW11': ['D11'], 'SW10': ['D10'], 'SW9': ['D9'], 'SW8': ['D8'], 'SW7': ['D7'], 'SW6': ['D6'], 'SW5': ['D5'], 'SW4': ['D4'], 'SW3': ['D3'], 'SW2': ['D2'], 'SW1': ['D1']}
[board_modifier.py:63]: Searching for SW1 footprint in D:\goober-wi\goober-wi\goober-wi.kicad_pcb
[key_placer.py:495]: Looking for connection template between SW1 and other elements
[board_modifier.py:96]: Getting SW1 footprint position: (69623452, 69510392)
[key_placer.py:539]: Got connection template: 
[key_placer.py:112]: Switches by nets: defaultdict(<class 'list'>, {frozenset({'Net-(D22-K)', 'Net-(SW17-Pad1)'}): ['SW24'], frozenset({'Net-(D21-K)', 'Net-(SW16-Pad1)'}): ['SW29'], frozenset({'Net-(D22-K)', 'Net-(SW19-Pad1)'}): ['SW26'], frozenset({'Net-(D11-K)', 'Net-(SW10-Pad1)'}): ['SW20'], frozenset({'Net-(D22-K)', 'Net-(SW13-Pad1)'}): ['SW22'], frozenset({'Net-(D22-K)', 'Net-(SW12-Pad1)'}): ['SW21'], frozenset({'Net-(D11-K)', 'Net-(SW19-Pad1)'}): ['SW19'], frozenset({'Net-(D22-K)', 'Net-(SW14-Pad1)'}): ['SW23'], frozenset({'Net-(D22-K)', 'Net-(SW18-Pad1)'}): ['SW25'], frozenset({'Net-(D21-K)', 'Net-(SW15-Pad1)'}): ['SW28'], frozenset({'Net-(SW14-Pad1)', 'Net-(D21-K)'}): ['SW27'], frozenset({'Net-(D21-K)', 'Net-(SW17-Pad1)'}): ['SW30'], frozenset({'Net-(D1-K)', 'Net-(SW19-Pad1)'}): ['SW9'], frozenset({'Net-(D1-K)', 'Net-(SW17-Pad1)'}): ['SW7'], frozenset({'Net-(D1-K)', 'Net-(SW10-Pad1)'}): ['SW10'], frozenset({'Net-(D1-K)', 'Net-(SW14-Pad1)'}): ['SW4'], frozenset({'Net-(D11-K)', 'Net-(SW12-Pad1)'}): ['SW12'], frozenset({'Net-(D1-K)', 'Net-(SW16-Pad1)'}): ['SW6'], frozenset({'Net-(D1-K)', 'Net-(SW15-Pad1)'}): ['SW5'], frozenset({'Net-(D11-K)', 'Net-(SW1-Pad1)'}): ['SW11'], frozenset({'Net-(D11-K)', 'Net-(SW14-Pad1)'}): ['SW14'], frozenset({'Net-(D11-K)', 'Net-(SW13-Pad1)'}): ['SW13'], frozenset({'Net-(D1-K)', 'Net-(SW12-Pad1)'}): ['SW2'], frozenset({'Net-(D11-K)', 'Net-(SW15-Pad1)'}): ['SW15'], frozenset({'Net-(D11-K)', 'Net-(SW16-Pad1)'}): ['SW16'], frozenset({'Net-(D11-K)', 'Net-(SW17-Pad1)'}): ['SW17'], frozenset({'Net-(D1-K)', 'Net-(SW13-Pad1)'}): ['SW3'], frozenset({'Net-(D1-K)', 'Net-(SW18-Pad1)'}): ['SW8'], frozenset({'Net-(D11-K)', 'Net-(SW18-Pad1)'}): ['SW18'], frozenset({'Net-(D1-K)', 'Net-(SW1-Pad1)'}): ['SW1']})
[key_placer.py:116]: Diodes by switch: {'SW30': ['D30'], 'SW26': ['D29'], 'SW25': ['D28'], 'SW24': ['D27'], 'SW29': ['D26'], 'SW28': ['D25'], 'SW23': ['D24'], 'SW22': ['D23'], 'SW21': ['D22'], 'SW27': ['D21'], 'SW20': ['D20'], 'SW19': ['D19'], 'SW18': ['D18'], 'SW17': ['D17'], 'SW16': ['D16'], 'SW15': ['D15'], 'SW14': ['D14'], 'SW13': ['D13'], 'SW12': ['D12'], 'SW11': ['D11'], 'SW10': ['D10'], 'SW9': ['D9'], 'SW8': ['D8'], 'SW7': ['D7'], 'SW6': ['D6'], 'SW5': ['D5'], 'SW4': ['D4'], 'SW3': ['D3'], 'SW2': ['D2'], 'SW1': ['D1']}
[board_modifier.py:96]: Getting SW1 footprint position: (69623452, 69510392)
[board_modifier.py:96]: Getting D1 footprint position: (69536293, 75915683)
[key_placer.py:811]: Element info updated: ElementInfo(annotation_format='D{}', position_option=<PositionOption.RELATIVE: 'Relative'>, position=ElementPosition(x=2.628, y=5.842, orientation=90.0, side=<Side.BACK: 'Back'>), template_path='')
[kle_serial.py:749]: User layout: [[{'r': 20, 'rx': 6, 'ry': 3, 'y': -3, 'x': -4, 'a': 7}, '\n\n\n\n3'], [{'y': -0.75, 'x': -5}, '\n\n\n\n2', {'x': 1}, '\n\n\n\n4'], [{'y': -0.35, 'x': -2}, '\n\n\n\n5'], [{'y': -0.8999999999999999, 'x': -6}, '\n\n\n\n1', {'x': 1}, '\n\n\n\n13'], [{'y': -0.75, 'x': -5}, '\n\n\n\n12', {'x': 1}, '\n\n\n\n14'], [{'y': -0.3500000000000001, 'x': -2}, '\n\n\n\n15'], [{'y': -0.8999999999999999, 'x': -6}, '\n\n\n\n11', {'x': 1}, '\n\n\n\n22'], [{'y': -0.75, 'x': -5}, '\n\n\n\n21', {'x': 1}, '\n\n\n\n23'], [{'y': 0.8499999999999996, 'x': -2.75}, '\n\n\n\n27'], [{'y': -0.8499999999999996, 'x': -1.75}, '\n\n\n\n28'], [{'r': -20, 'y': -5.25, 'x': 3}, '\n\n\n\n8'], [{'y': -0.75, 'x': 2}, '\n\n\n\n7', {'x': 1}, '\n\n\n\n9'], [{'y': -0.35, 'x': 1}, '\n\n\n\n6'], [{'y': -0.8999999999999999, 'x': 3}, '\n\n\n\n18', {'x': 1}, '\n\n\n\n10'], [{'y': -0.75, 'x': 2}, '\n\n\n\n17', {'x': 1}, '\n\n\n\n19'], [{'y': -0.3500000000000001, 'x': 1}, '\n\n\n\n16'], [{'y': -0.8999999999999999, 'x': 3}, '\n\n\n\n25', {'x': 1}, '\n\n\n\n20'], [{'y': -0.75, 'x': 2}, '\n\n\n\n24', {'x': 1}, '\n\n\n\n26'], [{'y': 0.8499999999999996, 'x': 1.75}, '\n\n\n\n30'], [{'y': -0.8499999999999996, 'x': 0.75}, '\n\n\n\n29']]
[key_placer.py:595]: Layout offset: (27000000, 25500000)
[board_modifier.py:83]: Setting SW3 footprint position: (72000000, 34000000)
[board_modifier.py:83]: Setting SW2 footprint position: (54000000, 38250000)
[board_modifier.py:83]: Setting SW4 footprint position: (90000000, 38250000)
[board_modifier.py:83]: Setting SW5 footprint position: (108000000, 49300000)
[board_modifier.py:83]: Setting SW1 footprint position: (36000000, 51000000)
[board_modifier.py:83]: Setting SW13 footprint position: (72000000, 51000000)
[board_modifier.py:83]: Setting SW12 footprint position: (54000000, 55250000)
[board_modifier.py:83]: Setting SW14 footprint position: (90000000, 55250000)
[board_modifier.py:83]: Setting SW15 footprint position: (108000000, 66300000)
[board_modifier.py:83]: Setting SW11 footprint position: (36000000, 68000000)
[board_modifier.py:83]: Setting SW22 footprint position: (72000000, 68000000)
[board_modifier.py:83]: Setting SW21 footprint position: (54000000, 72250000)
[board_modifier.py:83]: Setting SW23 footprint position: (90000000, 72250000)
[board_modifier.py:83]: Setting SW27 footprint position: (94500000, 103700000)
[board_modifier.py:83]: Setting SW28 footprint position: (112500000, 106250000)
[board_modifier.py:83]: Setting SW8 footprint position: (198000000, 34000000)
[board_modifier.py:83]: Setting SW7 footprint position: (180000000, 38250000)
[board_modifier.py:83]: Setting SW9 footprint position: (216000000, 38250000)
[board_modifier.py:83]: Setting SW6 footprint position: (162000000, 49300000)
[board_modifier.py:83]: Setting SW18 footprint position: (198000000, 51000000)
[board_modifier.py:83]: Setting SW10 footprint position: (234000000, 51000000)
[board_modifier.py:83]: Setting SW17 footprint position: (180000000, 55250000)
[board_modifier.py:83]: Setting SW19 footprint position: (216000000, 55250000)
[board_modifier.py:83]: Setting SW16 footprint position: (162000000, 66300000)
[board_modifier.py:83]: Setting SW25 footprint position: (198000000, 68000000)
[board_modifier.py:83]: Setting SW20 footprint position: (234000000, 68000000)
[board_modifier.py:83]: Setting SW24 footprint position: (180000000, 72250000)
[board_modifier.py:83]: Setting SW26 footprint position: (216000000, 72250000)
[board_modifier.py:83]: Setting SW30 footprint position: (175500000, 103700000)
[board_modifier.py:83]: Setting SW29 footprint position: (157500000, 106250000)
[key_placer.py:907]: Diode info: [ElementInfo(annotation_format='D{}', position_option=<PositionOption.RELATIVE: 'Relative'>, position=ElementPosition(x=2.628, y=5.842, orientation=90.0, side=<Side.BACK: 'Back'>), template_path='')]
[board_modifier.py:96]: Getting SW1 footprint position: (50691944, 18677844)
[board_modifier.py:83]: Setting D1 footprint position: (51163374, 25066357)
[board_modifier.py:96]: Getting D1 footprint position: (51163374, 25066357)
[board_modifier.py:96]: Getting SW10 footprint position: (219308056, 18677844)
[board_modifier.py:83]: Setting D10 footprint position: (223775649, 23268699)
[board_modifier.py:96]: Getting D10 footprint position: (223775649, 23268699)
[board_modifier.py:96]: Getting SW11 footprint position: (44877602, 34652619)
[board_modifier.py:83]: Setting D11 footprint position: (45349032, 41041132)
[board_modifier.py:96]: Getting D11 footprint position: (45349032, 41041132)
[board_modifier.py:96]: Getting SW12 footprint position: (66152826, 28827900)
[board_modifier.py:83]: Setting D12 footprint position: (66624256, 35216413)
[board_modifier.py:96]: Getting D12 footprint position: (66624256, 35216413)
[board_modifier.py:96]: Getting SW13 footprint position: (84520879, 30990569)
[board_modifier.py:83]: Setting D13 footprint position: (84992309, 37379082)
[board_modifier.py:96]: Getting D13 footprint position: (84992309, 37379082)
[board_modifier.py:96]: Getting SW14 footprint position: (99981760, 41140625)
[board_modifier.py:83]: Setting D14 footprint position: (100453190, 47529138)
[board_modifier.py:96]: Getting D14 footprint position: (100453190, 47529138)
[board_modifier.py:96]: Getting SW15 footprint position: (113116905, 57680591)
[board_modifier.py:83]: Setting D15 footprint position: (113588335, 64069104)
[board_modifier.py:96]: Getting D15 footprint position: (113588335, 64069104)
[board_modifier.py:96]: Getting SW16 footprint position: (156883095, 57680591)
[board_modifier.py:83]: Setting D16 footprint position: (161350688, 62271446)
[board_modifier.py:96]: Getting D16 footprint position: (161350688, 62271446)
[board_modifier.py:96]: Getting SW17 footprint position: (170018240, 41140625)
[board_modifier.py:83]: Setting D17 footprint position: (174485833, 45731480)
[board_modifier.py:96]: Getting D17 footprint position: (174485833, 45731480)
[board_modifier.py:96]: Getting SW18 footprint position: (185479121, 30990569)
[board_modifier.py:83]: Setting D18 footprint position: (189946714, 35581424)
[board_modifier.py:96]: Getting D18 footprint position: (189946714, 35581424)
[board_modifier.py:96]: Getting SW19 footprint position: (203847174, 28827900)
[board_modifier.py:83]: Setting D19 footprint position: (208314767, 33418755)
[board_modifier.py:96]: Getting D19 footprint position: (208314767, 33418755)
[board_modifier.py:96]: Getting SW2 footprint position: (71967168, 12853126)
[board_modifier.py:83]: Setting D2 footprint position: (72438598, 19241639)
[board_modifier.py:96]: Getting D2 footprint position: (72438598, 19241639)
[board_modifier.py:96]: Getting SW20 footprint position: (225122398, 34652619)
[board_modifier.py:83]: Setting D20 footprint position: (229589991, 39243474)
[board_modifier.py:96]: Getting D20 footprint position: (229589991, 39243474)
[board_modifier.py:96]: Getting SW21 footprint position: (60338483, 44802675)
[board_modifier.py:83]: Setting D22 footprint position: (60809913, 51191188)
[board_modifier.py:96]: Getting D22 footprint position: (60809913, 51191188)
[board_modifier.py:96]: Getting SW22 footprint position: (78706536, 46965344)
[board_modifier.py:83]: Setting D23 footprint position: (79177966, 53353857)
[board_modifier.py:96]: Getting D23 footprint position: (79177966, 53353857)
[board_modifier.py:96]: Getting SW23 footprint position: (94167418, 57115400)
[board_modifier.py:83]: Setting D24 footprint position: (94638848, 63503913)
[board_modifier.py:96]: Getting D24 footprint position: (94638848, 63503913)
[board_modifier.py:96]: Getting SW24 footprint position: (175832582, 57115400)
[board_modifier.py:83]: Setting D27 footprint position: (180300175, 61706255)
[board_modifier.py:96]: Getting D27 footprint position: (180300175, 61706255)
[board_modifier.py:96]: Getting SW25 footprint position: (191293464, 46965344)
[board_modifier.py:83]: Setting D28 footprint position: (195761057, 51556199)
[board_modifier.py:96]: Getting D28 footprint position: (195761057, 51556199)
[board_modifier.py:96]: Getting SW26 footprint position: (209661517, 44802675)
[board_modifier.py:83]: Setting D29 footprint position: (214129110, 49393530)
[board_modifier.py:96]: Getting D29 footprint position: (214129110, 49393530)
[board_modifier.py:96]: Getting SW27 footprint position: (87639501, 88207823)
[board_modifier.py:83]: Setting D21 footprint position: (88110931, 94596336)
[board_modifier.py:96]: Getting D21 footprint position: (88110931, 94596336)
[board_modifier.py:96]: Getting SW28 footprint position: (103681817, 96760402)
[board_modifier.py:83]: Setting D25 footprint position: (104153247, 103148915)
[board_modifier.py:96]: Getting D25 footprint position: (104153247, 103148915)
[board_modifier.py:96]: Getting SW29 footprint position: (166318183, 96760402)
[board_modifier.py:83]: Setting D26 footprint position: (170785776, 101351257)
[board_modifier.py:96]: Getting D26 footprint position: (170785776, 101351257)
[board_modifier.py:96]: Getting SW3 footprint position: (90335221, 15015795)
[board_modifier.py:83]: Setting D3 footprint position: (90806651, 21404308)
[board_modifier.py:96]: Getting D3 footprint position: (90806651, 21404308)
[board_modifier.py:96]: Getting SW30 footprint position: (182360499, 88207823)
[board_modifier.py:83]: Setting D30 footprint position: (186828092, 92798678)
[board_modifier.py:96]: Getting D30 footprint position: (186828092, 92798678)
[board_modifier.py:96]: Getting SW4 footprint position: (105796103, 25165851)
[board_modifier.py:83]: Setting D4 footprint position: (106267533, 31554364)
[board_modifier.py:96]: Getting D4 footprint position: (106267533, 31554364)
[board_modifier.py:96]: Getting SW5 footprint position: (118931247, 41705817)
[board_modifier.py:83]: Setting D5 footprint position: (119402677, 48094330)
[board_modifier.py:96]: Getting D5 footprint position: (119402677, 48094330)
[board_modifier.py:96]: Getting SW6 footprint position: (151068753, 41705817)
[board_modifier.py:83]: Setting D6 footprint position: (155536346, 46296672)
[board_modifier.py:96]: Getting D6 footprint position: (155536346, 46296672)
[board_modifier.py:96]: Getting SW7 footprint position: (164203897, 25165851)
[board_modifier.py:83]: Setting D7 footprint position: (168671490, 29756706)
[board_modifier.py:96]: Getting D7 footprint position: (168671490, 29756706)
[board_modifier.py:96]: Getting SW8 footprint position: (179664779, 15015795)
[board_modifier.py:83]: Setting D8 footprint position: (184132372, 19606650)
[board_modifier.py:96]: Getting D8 footprint position: (184132372, 19606650)
[board_modifier.py:96]: Getting SW9 footprint position: (198032832, 12853126)
[board_modifier.py:83]: Setting D9 footprint position: (202500425, 17443981)
[board_modifier.py:96]: Getting D9 footprint position: (202500425, 17443981)
[board_modifier.py:96]: Getting SW24 footprint position: (175832582, 57115400)
[board_modifier.py:63]: Searching for ST24 footprint in D:\goober-wi\goober-wi\goober-wi.kicad_pcb
[board_modifier.py:66]: Footprint not found
[board_modifier.py:96]: Getting SW29 footprint position: (166318183, 96760402)
[board_modifier.py:63]: Searching for ST29 footprint in D:\goober-wi\goober-wi\goober-wi.kicad_pcb
[board_modifier.py:66]: Footprint not found
[board_modifier.py:96]: Getting SW26 footprint position: (209661517, 44802675)
[board_modifier.py:63]: Searching for ST26 footprint in D:\goober-wi\goober-wi\goober-wi.kicad_pcb
[board_modifier.py:66]: Footprint not found
[board_modifier.py:96]: Getting SW20 footprint position: (225122398, 34652619)
[board_modifier.py:63]: Searching for ST20 footprint in D:\goober-wi\goober-wi\goober-wi.kicad_pcb
[board_modifier.py:66]: Footprint not found
[board_modifier.py:96]: Getting SW22 footprint position: (78706536, 46965344)
[board_modifier.py:63]: Searching for ST22 footprint in D:\goober-wi\goober-wi\goober-wi.kicad_pcb
[board_modifier.py:66]: Footprint not found
[board_modifier.py:96]: Getting SW21 footprint position: (60338483, 44802675)
[board_modifier.py:63]: Searching for ST21 footprint in D:\goober-wi\goober-wi\goober-wi.kicad_pcb
[board_modifier.py:66]: Footprint not found
[board_modifier.py:96]: Getting SW19 footprint position: (203847174, 28827900)
[board_modifier.py:63]: Searching for ST19 footprint in D:\goober-wi\goober-wi\goober-wi.kicad_pcb
[board_modifier.py:66]: Footprint not found
[board_modifier.py:96]: Getting SW23 footprint position: (94167418, 57115400)
[board_modifier.py:63]: Searching for ST23 footprint in D:\goober-wi\goober-wi\goober-wi.kicad_pcb
[board_modifier.py:66]: Footprint not found
[board_modifier.py:96]: Getting SW25 footprint position: (191293464, 46965344)
[board_modifier.py:63]: Searching for ST25 footprint in D:\goober-wi\goober-wi\goober-wi.kicad_pcb
[board_modifier.py:66]: Footprint not found
[board_modifier.py:96]: Getting SW28 footprint position: (103681817, 96760402)
[board_modifier.py:63]: Searching for ST28 footprint in D:\goober-wi\goober-wi\goober-wi.kicad_pcb
[board_modifier.py:66]: Footprint not found
[board_modifier.py:96]: Getting SW27 footprint position: (87639501, 88207823)
[board_modifier.py:63]: Searching for ST27 footprint in D:\goober-wi\goober-wi\goober-wi.kicad_pcb
[board_modifier.py:66]: Footprint not found
[board_modifier.py:96]: Getting SW30 footprint position: (182360499, 88207823)
[board_modifier.py:63]: Searching for ST30 footprint in D:\goober-wi\goober-wi\goober-wi.kicad_pcb
[board_modifier.py:66]: Footprint not found
[board_modifier.py:96]: Getting SW9 footprint position: (198032832, 12853126)
[board_modifier.py:63]: Searching for ST9 footprint in D:\goober-wi\goober-wi\goober-wi.kicad_pcb
[board_modifier.py:66]: Footprint not found
[board_modifier.py:96]: Getting SW7 footprint position: (164203897, 25165851)
[board_modifier.py:63]: Searching for ST7 footprint in D:\goober-wi\goober-wi\goober-wi.kicad_pcb
[board_modifier.py:66]: Footprint not found
[board_modifier.py:96]: Getting SW10 footprint position: (219308056, 18677844)
[board_modifier.py:63]: Searching for ST10 footprint in D:\goober-wi\goober-wi\goober-wi.kicad_pcb
[board_modifier.py:66]: Footprint not found
[board_modifier.py:96]: Getting SW4 footprint position: (105796103, 25165851)
[board_modifier.py:63]: Searching for ST4 footprint in D:\goober-wi\goober-wi\goober-wi.kicad_pcb
[board_modifier.py:66]: Footprint not found
[board_modifier.py:96]: Getting SW12 footprint position: (66152826, 28827900)
[board_modifier.py:63]: Searching for ST12 footprint in D:\goober-wi\goober-wi\goober-wi.kicad_pcb
[board_modifier.py:66]: Footprint not found
[board_modifier.py:96]: Getting SW6 footprint position: (151068753, 41705817)
[board_modifier.py:63]: Searching for ST6 footprint in D:\goober-wi\goober-wi\goober-wi.kicad_pcb
[board_modifier.py:66]: Footprint not found
[board_modifier.py:96]: Getting SW5 footprint position: (118931247, 41705817)
[board_modifier.py:63]: Searching for ST5 footprint in D:\goober-wi\goober-wi\goober-wi.kicad_pcb
[board_modifier.py:66]: Footprint not found
[board_modifier.py:96]: Getting SW11 footprint position: (44877602, 34652619)
[board_modifier.py:63]: Searching for ST11 footprint in D:\goober-wi\goober-wi\goober-wi.kicad_pcb
[board_modifier.py:66]: Footprint not found
[board_modifier.py:96]: Getting SW14 footprint position: (99981760, 41140625)
[board_modifier.py:63]: Searching for ST14 footprint in D:\goober-wi\goober-wi\goober-wi.kicad_pcb
[board_modifier.py:66]: Footprint not found
[board_modifier.py:96]: Getting SW13 footprint position: (84520879, 30990569)
[board_modifier.py:63]: Searching for ST13 footprint in D:\goober-wi\goober-wi\goober-wi.kicad_pcb
[board_modifier.py:66]: Footprint not found
[board_modifier.py:96]: Getting SW2 footprint position: (71967168, 12853126)
[board_modifier.py:63]: Searching for ST2 footprint in D:\goober-wi\goober-wi\goober-wi.kicad_pcb
[board_modifier.py:66]: Footprint not found
[board_modifier.py:96]: Getting SW15 footprint position: (113116905, 57680591)
[board_modifier.py:63]: Searching for ST15 footprint in D:\goober-wi\goober-wi\goober-wi.kicad_pcb
[board_modifier.py:66]: Footprint not found
[board_modifier.py:96]: Getting SW16 footprint position: (156883095, 57680591)
[board_modifier.py:63]: Searching for ST16 footprint in D:\goober-wi\goober-wi\goober-wi.kicad_pcb
[board_modifier.py:66]: Footprint not found
[board_modifier.py:96]: Getting SW17 footprint position: (170018240, 41140625)
[board_modifier.py:63]: Searching for ST17 footprint in D:\goober-wi\goober-wi\goober-wi.kicad_pcb
[board_modifier.py:66]: Footprint not found
[board_modifier.py:96]: Getting SW3 footprint position: (90335221, 15015795)
[board_modifier.py:63]: Searching for ST3 footprint in D:\goober-wi\goober-wi\goober-wi.kicad_pcb
[board_modifier.py:66]: Footprint not found
[board_modifier.py:96]: Getting SW8 footprint position: (179664779, 15015795)
[board_modifier.py:63]: Searching for ST8 footprint in D:\goober-wi\goober-wi\goober-wi.kicad_pcb
[board_modifier.py:66]: Footprint not found
[board_modifier.py:96]: Getting SW18 footprint position: (185479121, 30990569)
[board_modifier.py:63]: Searching for ST18 footprint in D:\goober-wi\goober-wi\goober-wi.kicad_pcb
[board_modifier.py:66]: Footprint not found
[board_modifier.py:96]: Getting SW1 footprint position: (50691944, 18677844)
[board_modifier.py:63]: Searching for ST1 footprint in D:\goober-wi\goober-wi\goober-wi.kicad_pcb
[board_modifier.py:66]: Footprint not found
[key_placer.py:361]: Routing SW24 with D27
[key_placer.py:363]: Using internal autorouter method
[board_modifier.py:433]: Routing at B.Cu layer
[board_modifier.py:499]: Routing pad 'SW24:2' at (179231369, 51834467) with pad 'D27:2' at (179735842, 60155762) using coordinate system rotated by 340.0 degree(s)
[board_modifier.py:362]: Adding track segment (B.Cu): [(179231369, 51834467), (181153521, 57115537)]
[board_modifier.py:370]: Could not add track segment due to detected collision
[board_modifier.py:362]: Adding track segment (B.Cu): [(179231369, 51834467), (177813689, 54874690)]
[board_modifier.py:367]: Track added
[board_modifier.py:362]: Adding track segment (B.Cu): [(177813689, 54874690), (179735842, 60155762)]
[board_modifier.py:367]: Track added
[key_placer.py:361]: Routing SW29 with D26
[key_placer.py:363]: Using internal autorouter method
[board_modifier.py:433]: Routing at B.Cu layer
[board_modifier.py:499]: Routing pad 'SW29:2' at (169716970, 91479469) with pad 'D26:2' at (170221443, 99800764) using coordinate system rotated by 340.0 degree(s)
[board_modifier.py:362]: Adding track segment (B.Cu): [(169716970, 91479469), (171639122, 96760539)]
[board_modifier.py:370]: Could not add track segment due to detected collision
[board_modifier.py:362]: Adding track segment (B.Cu): [(169716970, 91479469), (168299289, 94519692)]
[board_modifier.py:367]: Track added
[board_modifier.py:362]: Adding track segment (B.Cu): [(168299289, 94519692), (170221443, 99800764)]
[board_modifier.py:367]: Track added
[key_placer.py:361]: Routing SW26 with D29
[key_placer.py:363]: Using internal autorouter method
[board_modifier.py:433]: Routing at B.Cu layer
[board_modifier.py:499]: Routing pad 'SW26:2' at (213060304, 39521742) with pad 'D29:2' at (213564777, 47843037) using coordinate system rotated by 340.0 degree(s)
[board_modifier.py:362]: Adding track segment (B.Cu): [(213060304, 39521742), (214982455, 44802812)]
[board_modifier.py:370]: Could not add track segment due to detected collision
[board_modifier.py:362]: Adding track segment (B.Cu): [(213060304, 39521742), (211642623, 42561966)]
[board_modifier.py:367]: Track added
[board_modifier.py:362]: Adding track segment (B.Cu): [(211642623, 42561966), (213564777, 47843037)]
[board_modifier.py:367]: Track added
[key_placer.py:361]: Routing SW20 with D20
[key_placer.py:363]: Using internal autorouter method
[board_modifier.py:433]: Routing at B.Cu layer
[board_modifier.py:499]: Routing pad 'SW20:2' at (228521185, 29371686) with pad 'D20:2' at (229025658, 37692981) using coordinate system rotated by 340.0 degree(s)
[board_modifier.py:362]: Adding track segment (B.Cu): [(228521185, 29371686), (230443336, 34652757)]
[board_modifier.py:370]: Could not add track segment due to detected collision
[board_modifier.py:362]: Adding track segment (B.Cu): [(228521185, 29371686), (227103504, 32411908)]
[board_modifier.py:367]: Track added
[board_modifier.py:362]: Adding track segment (B.Cu): [(227103504, 32411908), (229025658, 37692981)]
[board_modifier.py:367]: Track added
[key_placer.py:361]: Routing SW22 with D23
[key_placer.py:363]: Using internal autorouter method
[board_modifier.py:433]: Routing at B.Cu layer
[board_modifier.py:499]: Routing pad 'SW22:2' at (84704676, 45104613) with pad 'D23:2' at (79742299, 51803364) using coordinate system rotated by 20.0 degree(s)
[board_modifier.py:362]: Adding track segment (B.Cu): [(84704676, 45104613), (82782523, 50385683)]
[board_modifier.py:370]: Could not add track segment due to detected collision
[board_modifier.py:362]: Adding track segment (B.Cu): [(84704676, 45104613), (81664450, 46522292)]
[board_modifier.py:367]: Track added
[board_modifier.py:362]: Adding track segment (B.Cu): [(81664450, 46522292), (79742299, 51803364)]
[board_modifier.py:367]: Track added
[key_placer.py:361]: Routing SW21 with D22
[key_placer.py:363]: Using internal autorouter method
[board_modifier.py:433]: Routing at B.Cu layer
[board_modifier.py:499]: Routing pad 'SW21:2' at (66336623, 42941944) with pad 'D22:2' at (61374246, 49640695) using coordinate system rotated by 20.0 degree(s)
[board_modifier.py:362]: Adding track segment (B.Cu): [(66336623, 42941944), (64414469, 48223014)]
[board_modifier.py:370]: Could not add track segment due to detected collision
[board_modifier.py:362]: Adding track segment (B.Cu): [(66336623, 42941944), (63296398, 44359622)]
[board_modifier.py:367]: Track added
[board_modifier.py:362]: Adding track segment (B.Cu): [(63296398, 44359622), (61374246, 49640695)]
[board_modifier.py:367]: Track added
[key_placer.py:361]: Routing SW19 with D19
[key_placer.py:363]: Using internal autorouter method
[board_modifier.py:433]: Routing at B.Cu layer
[board_modifier.py:499]: Routing pad 'SW19:2' at (207245961, 23546967) with pad 'D19:2' at (207750434, 31868262) using coordinate system rotated by 340.0 degree(s)
[board_modifier.py:362]: Adding track segment (B.Cu): [(207245961, 23546967), (209168113, 28828037)]
[board_modifier.py:370]: Could not add track segment due to detected collision
[board_modifier.py:362]: Adding track segment (B.Cu): [(207245961, 23546967), (205828280, 26587190)]
[board_modifier.py:367]: Track added
[board_modifier.py:362]: Adding track segment (B.Cu): [(205828280, 26587190), (207750434, 31868262)]
[board_modifier.py:367]: Track added
[key_placer.py:361]: Routing SW23 with D24
[key_placer.py:363]: Using internal autorouter method
[board_modifier.py:433]: Routing at B.Cu layer
[board_modifier.py:499]: Routing pad 'SW23:2' at (100165558, 55254669) with pad 'D24:2' at (95203181, 61953420) using coordinate system rotated by 20.0 degree(s)
[board_modifier.py:362]: Adding track segment (B.Cu): [(100165558, 55254669), (98243405, 60535739)]
[board_modifier.py:370]: Could not add track segment due to detected collision
[board_modifier.py:362]: Adding track segment (B.Cu): [(100165558, 55254669), (97125333, 56672348)]
[board_modifier.py:367]: Track added
[board_modifier.py:362]: Adding track segment (B.Cu): [(97125333, 56672348), (95203181, 61953420)]
[board_modifier.py:367]: Track added
[key_placer.py:361]: Routing SW25 with D28
[key_placer.py:363]: Using internal autorouter method
[board_modifier.py:433]: Routing at B.Cu layer
[board_modifier.py:499]: Routing pad 'SW25:2' at (194692251, 41684411) with pad 'D28:2' at (195196724, 50005706) using coordinate system rotated by 340.0 degree(s)
[board_modifier.py:362]: Adding track segment (B.Cu): [(194692251, 41684411), (196614403, 46965481)]
[board_modifier.py:370]: Could not add track segment due to detected collision
[board_modifier.py:362]: Adding track segment (B.Cu): [(194692251, 41684411), (193274570, 44724635)]
[board_modifier.py:367]: Track added
[board_modifier.py:362]: Adding track segment (B.Cu): [(193274570, 44724635), (195196724, 50005706)]
[board_modifier.py:367]: Track added
[key_placer.py:361]: Routing SW28 with D25
[key_placer.py:363]: Using internal autorouter method
[board_modifier.py:433]: Routing at B.Cu layer
[board_modifier.py:499]: Routing pad 'SW28:2' at (109679957, 94899671) with pad 'D25:2' at (104717580, 101598422) using coordinate system rotated by 20.0 degree(s)
[board_modifier.py:362]: Adding track segment (B.Cu): [(109679957, 94899671), (107757804, 100180741)]
[board_modifier.py:370]: Could not add track segment due to detected collision
[board_modifier.py:362]: Adding track segment (B.Cu): [(109679957, 94899671), (106639733, 96317349)]
[board_modifier.py:367]: Track added
[board_modifier.py:362]: Adding track segment (B.Cu): [(106639733, 96317349), (104717580, 101598422)]
[board_modifier.py:367]: Track added
[key_placer.py:361]: Routing SW27 with D21
[key_placer.py:363]: Using internal autorouter method
[board_modifier.py:433]: Routing at B.Cu layer
[board_modifier.py:499]: Routing pad 'SW27:2' at (93637641, 86347092) with pad 'D21:2' at (88675264, 93045843) using coordinate system rotated by 20.0 degree(s)
[board_modifier.py:362]: Adding track segment (B.Cu): [(93637641, 86347092), (91715488, 91628161)]
[board_modifier.py:370]: Could not add track segment due to detected collision
[board_modifier.py:362]: Adding track segment (B.Cu): [(93637641, 86347092), (90597415, 87764771)]
[board_modifier.py:367]: Track added
[board_modifier.py:362]: Adding track segment (B.Cu): [(90597415, 87764771), (88675264, 93045843)]
[board_modifier.py:367]: Track added
[key_placer.py:361]: Routing SW30 with D30
[key_placer.py:363]: Using internal autorouter method
[board_modifier.py:433]: Routing at B.Cu layer
[board_modifier.py:499]: Routing pad 'SW30:2' at (185759286, 82926890) with pad 'D30:2' at (186263759, 91248185) using coordinate system rotated by 340.0 degree(s)
[board_modifier.py:362]: Adding track segment (B.Cu): [(185759286, 82926890), (187681437, 88207960)]
[board_modifier.py:370]: Could not add track segment due to detected collision
[board_modifier.py:362]: Adding track segment (B.Cu): [(185759286, 82926890), (184341605, 85967113)]
[board_modifier.py:367]: Track added
[board_modifier.py:362]: Adding track segment (B.Cu): [(184341605, 85967113), (186263759, 91248185)]
[board_modifier.py:367]: Track added
[key_placer.py:361]: Routing SW9 with D9
[key_placer.py:363]: Using internal autorouter method
[board_modifier.py:433]: Routing at B.Cu layer
[board_modifier.py:499]: Routing pad 'SW9:2' at (201431619, 7572193) with pad 'D9:2' at (201936092, 15893488) using coordinate system rotated by 340.0 degree(s)
[board_modifier.py:362]: Adding track segment (B.Cu): [(201431619, 7572193), (203353771, 12853263)]
[board_modifier.py:370]: Could not add track segment due to detected collision
[board_modifier.py:362]: Adding track segment (B.Cu): [(201431619, 7572193), (200013938, 10612417)]
[board_modifier.py:367]: Track added
[board_modifier.py:362]: Adding track segment (B.Cu): [(200013938, 10612417), (201936092, 15893488)]
[board_modifier.py:367]: Track added
[key_placer.py:361]: Routing SW7 with D7
[key_placer.py:363]: Using internal autorouter method
[board_modifier.py:433]: Routing at B.Cu layer
[board_modifier.py:499]: Routing pad 'SW7:2' at (167602684, 19884918) with pad 'D7:2' at (168107157, 28206213) using coordinate system rotated by 340.0 degree(s)
[board_modifier.py:362]: Adding track segment (B.Cu): [(167602684, 19884918), (169524835, 25165989)]
[board_modifier.py:370]: Could not add track segment due to detected collision
[board_modifier.py:362]: Adding track segment (B.Cu): [(167602684, 19884918), (166185003, 22925141)]
[board_modifier.py:367]: Track added
[board_modifier.py:362]: Adding track segment (B.Cu): [(166185003, 22925141), (168107157, 28206213)]
[board_modifier.py:367]: Track added
[key_placer.py:361]: Routing SW10 with D10
[key_placer.py:363]: Using internal autorouter method
[board_modifier.py:433]: Routing at B.Cu layer
[board_modifier.py:499]: Routing pad 'SW10:2' at (222706843, 13396911) with pad 'D10:2' at (223211316, 21718206) using coordinate system rotated by 340.0 degree(s)
[board_modifier.py:362]: Adding track segment (B.Cu): [(222706843, 13396911), (224628995, 18677982)]
[board_modifier.py:370]: Could not add track segment due to detected collision
[board_modifier.py:362]: Adding track segment (B.Cu): [(222706843, 13396911), (221289162, 16437134)]
[board_modifier.py:367]: Track added
[board_modifier.py:362]: Adding track segment (B.Cu): [(221289162, 16437134), (223211316, 21718206)]
[board_modifier.py:367]: Track added
[key_placer.py:361]: Routing SW4 with D4
[key_placer.py:363]: Using internal autorouter method
[board_modifier.py:433]: Routing at B.Cu layer
[board_modifier.py:499]: Routing pad 'SW4:2' at (111794243, 23305120) with pad 'D4:2' at (106831866, 30003871) using coordinate system rotated by 20.0 degree(s)
[board_modifier.py:362]: Adding track segment (B.Cu): [(111794243, 23305120), (109872089, 28586192)]
[board_modifier.py:370]: Could not add track segment due to detected collision
[board_modifier.py:362]: Adding track segment (B.Cu): [(111794243, 23305120), (108754018, 24722800)]
[board_modifier.py:367]: Track added
[board_modifier.py:362]: Adding track segment (B.Cu): [(108754018, 24722800), (106831866, 30003871)]
[board_modifier.py:367]: Track added
[key_placer.py:361]: Routing SW12 with D12
[key_placer.py:363]: Using internal autorouter method
[board_modifier.py:433]: Routing at B.Cu layer
[board_modifier.py:499]: Routing pad 'SW12:2' at (72150966, 26967169) with pad 'D12:2' at (67188589, 33665920) using coordinate system rotated by 20.0 degree(s)
[board_modifier.py:362]: Adding track segment (B.Cu): [(72150966, 26967169), (70228813, 32248239)]
[board_modifier.py:370]: Could not add track segment due to detected collision
[board_modifier.py:362]: Adding track segment (B.Cu): [(72150966, 26967169), (69110742, 28384847)]
[board_modifier.py:367]: Track added
[board_modifier.py:362]: Adding track segment (B.Cu): [(69110742, 28384847), (67188589, 33665920)]
[board_modifier.py:367]: Track added
[key_placer.py:361]: Routing SW6 with D6
[key_placer.py:363]: Using internal autorouter method
[board_modifier.py:433]: Routing at B.Cu layer
[board_modifier.py:499]: Routing pad 'SW6:2' at (154467540, 36424884) with pad 'D6:2' at (154972013, 44746179) using coordinate system rotated by 340.0 degree(s)
[board_modifier.py:362]: Adding track segment (B.Cu): [(154467540, 36424884), (156389692, 41705954)]
[board_modifier.py:370]: Could not add track segment due to detected collision
[board_modifier.py:362]: Adding track segment (B.Cu): [(154467540, 36424884), (153049859, 39465107)]
[board_modifier.py:367]: Track added
[board_modifier.py:362]: Adding track segment (B.Cu): [(153049859, 39465107), (154972013, 44746179)]
[board_modifier.py:367]: Track added
[key_placer.py:361]: Routing SW5 with D5
[key_placer.py:363]: Using internal autorouter method
[board_modifier.py:433]: Routing at B.Cu layer
[board_modifier.py:499]: Routing pad 'SW5:2' at (124929387, 39845086) with pad 'D5:2' at (119967010, 46543837) using coordinate system rotated by 20.0 degree(s)
[board_modifier.py:362]: Adding track segment (B.Cu): [(124929387, 39845086), (123007234, 45126156)]
[board_modifier.py:370]: Could not add track segment due to detected collision
[board_modifier.py:362]: Adding track segment (B.Cu): [(124929387, 39845086), (121889161, 41262766)]
[board_modifier.py:367]: Track added
[board_modifier.py:362]: Adding track segment (B.Cu): [(121889161, 41262766), (119967010, 46543837)]
[board_modifier.py:367]: Track added
[key_placer.py:361]: Routing SW11 with D11
[key_placer.py:363]: Using internal autorouter method
[board_modifier.py:433]: Routing at B.Cu layer
[board_modifier.py:499]: Routing pad 'SW11:2' at (50875742, 32791888) with pad 'D11:2' at (45913365, 39490639) using coordinate system rotated by 20.0 degree(s)
[board_modifier.py:362]: Adding track segment (B.Cu): [(50875742, 32791888), (48953588, 38072958)]
[board_modifier.py:370]: Could not add track segment due to detected collision
[board_modifier.py:362]: Adding track segment (B.Cu): [(50875742, 32791888), (47835517, 34209566)]
[board_modifier.py:367]: Track added
[board_modifier.py:362]: Adding track segment (B.Cu): [(47835517, 34209566), (45913365, 39490639)]
[board_modifier.py:367]: Track added
[key_placer.py:361]: Routing SW14 with D14
[key_placer.py:363]: Using internal autorouter method
[board_modifier.py:433]: Routing at B.Cu layer
[board_modifier.py:499]: Routing pad 'SW14:2' at (105979900, 39279894) with pad 'D14:2' at (101017523, 45978645) using coordinate system rotated by 20.0 degree(s)
[board_modifier.py:362]: Adding track segment (B.Cu): [(105979900, 39279894), (104057746, 44560964)]
[board_modifier.py:370]: Could not add track segment due to detected collision
[board_modifier.py:362]: Adding track segment (B.Cu): [(105979900, 39279894), (102939675, 40697572)]
[board_modifier.py:367]: Track added
[board_modifier.py:362]: Adding track segment (B.Cu): [(102939675, 40697572), (101017523, 45978645)]
[board_modifier.py:367]: Track added
[key_placer.py:361]: Routing SW13 with D13
[key_placer.py:363]: Using internal autorouter method
[board_modifier.py:433]: Routing at B.Cu layer
[board_modifier.py:499]: Routing pad 'SW13:2' at (90519019, 29129838) with pad 'D13:2' at (85556642, 35828589) using coordinate system rotated by 20.0 degree(s)
[board_modifier.py:362]: Adding track segment (B.Cu): [(90519019, 29129838), (88596865, 34410908)]
[board_modifier.py:370]: Could not add track segment due to detected collision
[board_modifier.py:362]: Adding track segment (B.Cu): [(90519019, 29129838), (87478794, 30547517)]
[board_modifier.py:367]: Track added
[board_modifier.py:362]: Adding track segment (B.Cu): [(87478794, 30547517), (85556642, 35828589)]
[board_modifier.py:367]: Track added
[key_placer.py:361]: Routing SW2 with D2
[key_placer.py:363]: Using internal autorouter method
[board_modifier.py:433]: Routing at B.Cu layer
[board_modifier.py:499]: Routing pad 'SW2:2' at (77965308, 10992395) with pad 'D2:2' at (73002931, 17691146) using coordinate system rotated by 20.0 degree(s)
[board_modifier.py:362]: Adding track segment (B.Cu): [(77965308, 10992395), (76043155, 16273465)]
[board_modifier.py:370]: Could not add track segment due to detected collision
[board_modifier.py:362]: Adding track segment (B.Cu): [(77965308, 10992395), (74925082, 12410075)]
[board_modifier.py:367]: Track added
[board_modifier.py:362]: Adding track segment (B.Cu): [(74925082, 12410075), (73002931, 17691146)]
[board_modifier.py:367]: Track added
[key_placer.py:361]: Routing SW15 with D15
[key_placer.py:363]: Using internal autorouter method
[board_modifier.py:433]: Routing at B.Cu layer
[board_modifier.py:499]: Routing pad 'SW15:2' at (119115045, 55819860) with pad 'D15:2' at (114152668, 62518611) using coordinate system rotated by 20.0 degree(s)
[board_modifier.py:362]: Adding track segment (B.Cu): [(119115045, 55819860), (117192892, 61100930)]
[board_modifier.py:370]: Could not add track segment due to detected collision
[board_modifier.py:362]: Adding track segment (B.Cu): [(119115045, 55819860), (116074820, 57237538)]
[board_modifier.py:367]: Track added
[board_modifier.py:362]: Adding track segment (B.Cu): [(116074820, 57237538), (114152668, 62518611)]
[board_modifier.py:367]: Track added
[key_placer.py:361]: Routing SW16 with D16
[key_placer.py:363]: Using internal autorouter method
[board_modifier.py:433]: Routing at B.Cu layer
[board_modifier.py:499]: Routing pad 'SW16:2' at (160281882, 52399658) with pad 'D16:2' at (160786355, 60720953) using coordinate system rotated by 340.0 degree(s)
[board_modifier.py:362]: Adding track segment (B.Cu): [(160281882, 52399658), (162204034, 57680728)]
[board_modifier.py:370]: Could not add track segment due to detected collision
[board_modifier.py:362]: Adding track segment (B.Cu): [(160281882, 52399658), (158864202, 55439881)]
[board_modifier.py:367]: Track added
[board_modifier.py:362]: Adding track segment (B.Cu): [(158864202, 55439881), (160786355, 60720953)]
[board_modifier.py:367]: Track added
[key_placer.py:361]: Routing SW17 with D17
[key_placer.py:363]: Using internal autorouter method
[board_modifier.py:433]: Routing at B.Cu layer
[board_modifier.py:499]: Routing pad 'SW17:2' at (173417027, 35859692) with pad 'D17:2' at (173921500, 44180987) using coordinate system rotated by 340.0 degree(s)
[board_modifier.py:362]: Adding track segment (B.Cu): [(173417027, 35859692), (175339178, 41140762)]
[board_modifier.py:370]: Could not add track segment due to detected collision
[board_modifier.py:362]: Adding track segment (B.Cu): [(173417027, 35859692), (171999346, 38899915)]
[board_modifier.py:367]: Track added
[board_modifier.py:362]: Adding track segment (B.Cu): [(171999346, 38899915), (173921500, 44180987)]
[board_modifier.py:367]: Track added
[key_placer.py:361]: Routing SW3 with D3
[key_placer.py:363]: Using internal autorouter method
[board_modifier.py:433]: Routing at B.Cu layer
[board_modifier.py:499]: Routing pad 'SW3:2' at (96333361, 13155064) with pad 'D3:2' at (91370984, 19853815) using coordinate system rotated by 20.0 degree(s)
[board_modifier.py:362]: Adding track segment (B.Cu): [(96333361, 13155064), (94411207, 18436135)]
[board_modifier.py:370]: Could not add track segment due to detected collision
[board_modifier.py:362]: Adding track segment (B.Cu): [(96333361, 13155064), (93293136, 14572743)]
[board_modifier.py:367]: Track added
[board_modifier.py:362]: Adding track segment (B.Cu): [(93293136, 14572743), (91370984, 19853815)]
[board_modifier.py:367]: Track added
[key_placer.py:361]: Routing SW8 with D8
[key_placer.py:363]: Using internal autorouter method
[board_modifier.py:433]: Routing at B.Cu layer
[board_modifier.py:499]: Routing pad 'SW8:2' at (183063566, 9734862) with pad 'D8:2' at (183568039, 18056157) using coordinate system rotated by 340.0 degree(s)
[board_modifier.py:362]: Adding track segment (B.Cu): [(183063566, 9734862), (184985718, 15015932)]
[board_modifier.py:370]: Could not add track segment due to detected collision
[board_modifier.py:362]: Adding track segment (B.Cu): [(183063566, 9734862), (181645886, 12775085)]
[board_modifier.py:367]: Track added
[board_modifier.py:362]: Adding track segment (B.Cu): [(181645886, 12775085), (183568039, 18056157)]
[board_modifier.py:367]: Track added
[key_placer.py:361]: Routing SW18 with D18
[key_placer.py:363]: Using internal autorouter method
[board_modifier.py:433]: Routing at B.Cu layer
[board_modifier.py:499]: Routing pad 'SW18:2' at (188877908, 25709636) with pad 'D18:2' at (189382381, 34030931) using coordinate system rotated by 340.0 degree(s)
[board_modifier.py:362]: Adding track segment (B.Cu): [(188877908, 25709636), (190800059, 30990707)]
[board_modifier.py:370]: Could not add track segment due to detected collision
[board_modifier.py:362]: Adding track segment (B.Cu): [(188877908, 25709636), (187460227, 28749858)]
[board_modifier.py:367]: Track added
[board_modifier.py:362]: Adding track segment (B.Cu): [(187460227, 28749858), (189382381, 34030931)]
[board_modifier.py:367]: Track added
[key_placer.py:361]: Routing SW1 with D1
[key_placer.py:363]: Using internal autorouter method
[board_modifier.py:433]: Routing at B.Cu layer
[board_modifier.py:499]: Routing pad 'SW1:2' at (56690084, 16817113) with pad 'D1:2' at (51727707, 23515864) using coordinate system rotated by 20.0 degree(s)
[board_modifier.py:362]: Adding track segment (B.Cu): [(56690084, 16817113), (54767931, 22098183)]
[board_modifier.py:370]: Could not add track segment due to detected collision
[board_modifier.py:362]: Adding track segment (B.Cu): [(56690084, 16817113), (53649858, 18234793)]
[board_modifier.py:367]: Track added
[board_modifier.py:362]: Adding track segment (B.Cu): [(53649858, 18234793), (51727707, 23515864)]
[board_modifier.py:367]: Track added
[key_placer.py:395]: Removing dangling tracks
